<?xml version="1.0" encoding="UTF-8"?>
<!-- Generated by org.testng.reporters.JUnitReportReporter -->
<testsuite hostname="Md-Ebrahim" failures="0" tests="1" name="com.ebrahim.hossain.WebDriverExceptionExample" time="0.171" errors="0" timestamp="2024-07-02T21:21:34 EDT" skipped="0">
  <testcase classname="com.ebrahim.hossain.WebDriverExceptionExample" name="testWebDriverException" time="0.171"/>
</testsuite> <!-- com.ebrahim.hossain.WebDriverExceptionExample -->
