<?xml version="1.0" encoding="UTF-8"?>
<!-- Generated by org.testng.reporters.JUnitReportReporter -->
<testsuite hostname="Md-Ebrahim" failures="0" tests="1" name="com.ebrahim.hossain.NoSuchElementExceptionExample" time="0.526" errors="0" timestamp="2024-07-02T10:01:20 EDT" skipped="0">
  <testcase classname="com.ebrahim.hossain.NoSuchElementExceptionExample" name="testNoSuchElementException" time="0.526"/>
</testsuite> <!-- com.ebrahim.hossain.NoSuchElementExceptionExample -->
