<?xml version="1.0" encoding="UTF-8"?>
<!-- Generated by org.testng.reporters.JUnitReportReporter -->
<testsuite hostname="Md-Ebrahim" failures="0" tests="1" name="com.ebrahim.hossain.TimeoutExceptionExample" time="60.728" errors="0" timestamp="2024-07-02T10:14:32 EDT" skipped="0">
  <testcase classname="com.ebrahim.hossain.TimeoutExceptionExample" name="testTimeoutException" time="60.728"/>
</testsuite> <!-- com.ebrahim.hossain.TimeoutExceptionExample -->
