<?xml version="1.0" encoding="UTF-8"?>
<!-- Generated by org.testng.reporters.JUnitReportReporter -->
<testsuite hostname="Md-Ebrahim" failures="0" tests="1" name="com.ebrahim.hossain.WebDriverExceptionWithInvalidURLExample" time="0.170" errors="0" timestamp="2024-07-10T02:23:59 EDT" skipped="0">
  <testcase classname="com.ebrahim.hossain.WebDriverExceptionWithInvalidURLExample" name="testWebDriverExceptionWithInvalidURL" time="0.170"/>
</testsuite> <!-- com.ebrahim.hossain.WebDriverExceptionWithInvalidURLExample -->
