<?xml version="1.0" encoding="UTF-8"?>
<!-- Generated by org.testng.reporters.JUnitReportReporter -->
<testsuite hostname="Md-Ebrahim" failures="0" tests="1" name="com.ebrahim.hossain.NoAlertPresentExceptionExample" time="0.130" errors="0" timestamp="2024-07-03T19:18:52 EDT" skipped="0">
  <testcase classname="com.ebrahim.hossain.NoAlertPresentExceptionExample" name="testNoAlertPresentException" time="0.130"/>
</testsuite> <!-- com.ebrahim.hossain.NoAlertPresentExceptionExample -->
