<?xml version="1.0" encoding="UTF-8"?>
<!-- Generated by org.testng.reporters.JUnitReportReporter -->
<testsuite hostname="Md-Ebrahim" failures="0" tests="1" name="com.ebrahim.hossain.InvalidElementStateExceptionExample" time="10.584" errors="0" timestamp="2024-07-02T22:16:33 EDT" skipped="0">
  <testcase classname="com.ebrahim.hossain.InvalidElementStateExceptionExample" name="testInvalidElementStateException" time="10.584"/>
</testsuite> <!-- com.ebrahim.hossain.InvalidElementStateExceptionExample -->
