<?xml version="1.0" encoding="UTF-8"?>
<!-- Generated by org.testng.reporters.JUnitReportReporter -->
<testsuite hostname="Md-Ebrahim" failures="0" tests="1" name="com.ebrahim.hossain.ElementNotInteractableExceptionExample" time="10.538" errors="0" timestamp="2024-07-02T21:16:54 EDT" skipped="0">
  <testcase classname="com.ebrahim.hossain.ElementNotInteractableExceptionExample" name="testElementNotVisibleException" time="10.538"/>
</testsuite> <!-- com.ebrahim.hossain.ElementNotInteractableExceptionExample -->
